

Processing HomeController#home (for 127.0.0.1 at 2010-04-20 20:47:09) [GET]
  Parameters: {"action"=>"home", "controller"=>"home"}
  [4;36;1mSQL (0.2ms)[0m   [0;1mSET SQL_AUTO_IS_NULL=0[0m
  [4;35;1mMetapackage Columns (71.7ms)[0m   [0mSHOW FIELDS FROM `base_packages`[0m
  [4;36;1mMetapackage Load (146.2ms)[0m   [0;1mSELECT base_packages.*, avg(ratings.rating) AS rating FROM `base_packages` LEFT JOIN ratings ON base_packages.id = ratings.rateable_id WHERE (ratings.rateable_type = 'BasePackage' AND ratings_count > 2) AND ( (`base_packages`.`type` = 'Metapackage' ) ) GROUP BY ratings.rateable_id ORDER BY rating DESC LIMIT 5[0m
Rendering template within layouts/application
Rendering home/home
  [4;35;1mUser Load (0.9ms)[0m   [0mSELECT * FROM `users` WHERE (`users`.`anonymous` = 0) ORDER BY users.id DESC LIMIT 1[0m
  [4;36;1mUser Columns (2.8ms)[0m   [0;1mSHOW FIELDS FROM `users`[0m
  [4;35;1mBasePackage Load (185.3ms)[0m   [0mSELECT * FROM `base_packages` WHERE (`base_packages`.`type` = 'Metapackage' AND `base_packages`.`published` = 1) [0m
  [4;36;1mBasePackage Columns (2.2ms)[0m   [0;1mSHOW FIELDS FROM `base_packages`[0m
  [4;35;1mTranslation Load (0.8ms)[0m   [0mSELECT * FROM `translations` WHERE (`translations`.`language_code` = 'de' AND `translations`.`translatable_id` = 180) LIMIT 1[0m
  [4;36;1mTranslation Columns (1.1ms)[0m   [0;1mSHOW FIELDS FROM `translations`[0m
  [4;35;1mRating Load (21.7ms)[0m   [0mSELECT * FROM `ratings` WHERE (`ratings`.rateable_id = 55641 AND `ratings`.rateable_type = 'BasePackage') [0m
  [4;36;1mRating Columns (1.3ms)[0m   [0;1mSHOW FIELDS FROM `ratings`[0m
  [4;35;1mSQL (2.5ms)[0m   [0mSELECT count(*) AS count_all FROM `ratings` WHERE (`ratings`.rateable_id = 55641 AND `ratings`.rateable_type = 'BasePackage') [0m
  [4;36;1mMetapackage Load (18.0ms)[0m   [0;1mSELECT * FROM `base_packages` WHERE (`base_packages`.`user_id` = 349378) AND ( (`base_packages`.`type` = 'Metapackage' ) ) [0m
  [4;35;1mUserlog Columns (1.7ms)[0m   [0mSHOW FIELDS FROM `userlogs`[0m
  [4;36;1mSQL (0.2ms)[0m   [0;1mBEGIN[0m
  [4;35;1mUserlog Create (2.5ms)[0m   [0mINSERT INTO `userlogs` (`created_at`, `refferer`, `user_id`) VALUES('2010-04-20 20:47:10', '/', 349378)[0m
  [4;36;1mSQL (72.2ms)[0m   [0;1mCOMMIT[0m
Completed in 1341ms (View: 1036, DB: 218) | 200 OK [http://localhost/]
